[2015-04-24 02:55:06] local.ERROR: OrderForm:dettachDealer: No dealer assigned for that order. [] []
[2015-04-24 03:50:15] local.ERROR: exception 'Symfony\Component\HttpKernel\Exception\MethodNotAllowedHttpException' in C:\xampp\htdocs\melivery\vendor\laravel\framework\src\Illuminate\Routing\RouteCollection.php:210
Stack trace:
#0 C:\xampp\htdocs\melivery\vendor\laravel\framework\src\Illuminate\Routing\RouteCollection.php(197): Illuminate\Routing\RouteCollection->methodNotAllowed(Array)
#1 C:\xampp\htdocs\melivery\vendor\laravel\framework\src\Illuminate\Routing\RouteCollection.php(145): Illuminate\Routing\RouteCollection->getOtherMethodsRoute(Object(Illuminate\Http\Request), Array)
#2 C:\xampp\htdocs\melivery\vendor\laravel\framework\src\Illuminate\Routing\Router.php(1049): Illuminate\Routing\RouteCollection->match(Object(Illuminate\Http\Request))
#3 C:\xampp\htdocs\melivery\vendor\laravel\framework\src\Illuminate\Routing\Router.php(1017): Illuminate\Routing\Router->findRoute(Object(Illuminate\Http\Request))
#4 C:\xampp\htdocs\melivery\vendor\laravel\framework\src\Illuminate\Routing\Router.php(996): Illuminate\Routing\Router->dispatchToRoute(Object(Illuminate\Http\Request))
#5 C:\xampp\htdocs\melivery\vendor\laravel\framework\src\Illuminate\Foundation\Application.php(775): Illuminate\Routing\Router->dispatch(Object(Illuminate\Http\Request))
#6 C:\xampp\htdocs\melivery\vendor\laravel\framework\src\Illuminate\Foundation\Application.php(745): Illuminate\Foundation\Application->dispatch(Object(Illuminate\Http\Request))
#7 C:\xampp\htdocs\melivery\vendor\laravel\framework\src\Illuminate\Session\Middleware.php(72): Illuminate\Foundation\Application->handle(Object(Illuminate\Http\Request), 1, true)
#8 C:\xampp\htdocs\melivery\vendor\laravel\framework\src\Illuminate\Cookie\Queue.php(47): Illuminate\Session\Middleware->handle(Object(Illuminate\Http\Request), 1, true)
#9 C:\xampp\htdocs\melivery\vendor\laravel\framework\src\Illuminate\Cookie\Guard.php(51): Illuminate\Cookie\Queue->handle(Object(Illuminate\Http\Request), 1, true)
#10 C:\xampp\htdocs\melivery\vendor\stack\builder\src\Stack\StackedHttpKernel.php(23): Illuminate\Cookie\Guard->handle(Object(Illuminate\Http\Request), 1, true)
#11 C:\xampp\htdocs\melivery\vendor\laravel\framework\src\Illuminate\Foundation\Application.php(641): Stack\StackedHttpKernel->handle(Object(Illuminate\Http\Request))
#12 C:\xampp\htdocs\melivery\public\index.php(49): Illuminate\Foundation\Application->run()
#13 {main} [] []
[2015-04-24 03:50:16] local.ERROR: exception 'Symfony\Component\HttpKernel\Exception\MethodNotAllowedHttpException' in C:\xampp\htdocs\melivery\vendor\laravel\framework\src\Illuminate\Routing\RouteCollection.php:210
Stack trace:
#0 C:\xampp\htdocs\melivery\vendor\laravel\framework\src\Illuminate\Routing\RouteCollection.php(197): Illuminate\Routing\RouteCollection->methodNotAllowed(Array)
#1 C:\xampp\htdocs\melivery\vendor\laravel\framework\src\Illuminate\Routing\RouteCollection.php(145): Illuminate\Routing\RouteCollection->getOtherMethodsRoute(Object(Illuminate\Http\Request), Array)
#2 C:\xampp\htdocs\melivery\vendor\laravel\framework\src\Illuminate\Routing\Router.php(1049): Illuminate\Routing\RouteCollection->match(Object(Illuminate\Http\Request))
#3 C:\xampp\htdocs\melivery\vendor\laravel\framework\src\Illuminate\Routing\Router.php(1017): Illuminate\Routing\Router->findRoute(Object(Illuminate\Http\Request))
#4 C:\xampp\htdocs\melivery\vendor\laravel\framework\src\Illuminate\Routing\Router.php(996): Illuminate\Routing\Router->dispatchToRoute(Object(Illuminate\Http\Request))
#5 C:\xampp\htdocs\melivery\vendor\laravel\framework\src\Illuminate\Foundation\Application.php(775): Illuminate\Routing\Router->dispatch(Object(Illuminate\Http\Request))
#6 C:\xampp\htdocs\melivery\vendor\laravel\framework\src\Illuminate\Foundation\Application.php(745): Illuminate\Foundation\Application->dispatch(Object(Illuminate\Http\Request))
#7 C:\xampp\htdocs\melivery\vendor\laravel\framework\src\Illuminate\Session\Middleware.php(72): Illuminate\Foundation\Application->handle(Object(Illuminate\Http\Request), 1, true)
#8 C:\xampp\htdocs\melivery\vendor\laravel\framework\src\Illuminate\Cookie\Queue.php(47): Illuminate\Session\Middleware->handle(Object(Illuminate\Http\Request), 1, true)
#9 C:\xampp\htdocs\melivery\vendor\laravel\framework\src\Illuminate\Cookie\Guard.php(51): Illuminate\Cookie\Queue->handle(Object(Illuminate\Http\Request), 1, true)
#10 C:\xampp\htdocs\melivery\vendor\stack\builder\src\Stack\StackedHttpKernel.php(23): Illuminate\Cookie\Guard->handle(Object(Illuminate\Http\Request), 1, true)
#11 C:\xampp\htdocs\melivery\vendor\laravel\framework\src\Illuminate\Foundation\Application.php(641): Stack\StackedHttpKernel->handle(Object(Illuminate\Http\Request))
#12 C:\xampp\htdocs\melivery\public\index.php(49): Illuminate\Foundation\Application->run()
#13 {main} [] []
[2015-04-24 03:50:16] local.ERROR: exception 'Symfony\Component\HttpKernel\Exception\MethodNotAllowedHttpException' in C:\xampp\htdocs\melivery\vendor\laravel\framework\src\Illuminate\Routing\RouteCollection.php:210
Stack trace:
#0 C:\xampp\htdocs\melivery\vendor\laravel\framework\src\Illuminate\Routing\RouteCollection.php(197): Illuminate\Routing\RouteCollection->methodNotAllowed(Array)
#1 C:\xampp\htdocs\melivery\vendor\laravel\framework\src\Illuminate\Routing\RouteCollection.php(145): Illuminate\Routing\RouteCollection->getOtherMethodsRoute(Object(Illuminate\Http\Request), Array)
#2 C:\xampp\htdocs\melivery\vendor\laravel\framework\src\Illuminate\Routing\Router.php(1049): Illuminate\Routing\RouteCollection->match(Object(Illuminate\Http\Request))
#3 C:\xampp\htdocs\melivery\vendor\laravel\framework\src\Illuminate\Routing\Router.php(1017): Illuminate\Routing\Router->findRoute(Object(Illuminate\Http\Request))
#4 C:\xampp\htdocs\melivery\vendor\laravel\framework\src\Illuminate\Routing\Router.php(996): Illuminate\Routing\Router->dispatchToRoute(Object(Illuminate\Http\Request))
#5 C:\xampp\htdocs\melivery\vendor\laravel\framework\src\Illuminate\Foundation\Application.php(775): Illuminate\Routing\Router->dispatch(Object(Illuminate\Http\Request))
#6 C:\xampp\htdocs\melivery\vendor\laravel\framework\src\Illuminate\Foundation\Application.php(745): Illuminate\Foundation\Application->dispatch(Object(Illuminate\Http\Request))
#7 C:\xampp\htdocs\melivery\vendor\laravel\framework\src\Illuminate\Session\Middleware.php(72): Illuminate\Foundation\Application->handle(Object(Illuminate\Http\Request), 1, true)
#8 C:\xampp\htdocs\melivery\vendor\laravel\framework\src\Illuminate\Cookie\Queue.php(47): Illuminate\Session\Middleware->handle(Object(Illuminate\Http\Request), 1, true)
#9 C:\xampp\htdocs\melivery\vendor\laravel\framework\src\Illuminate\Cookie\Guard.php(51): Illuminate\Cookie\Queue->handle(Object(Illuminate\Http\Request), 1, true)
#10 C:\xampp\htdocs\melivery\vendor\stack\builder\src\Stack\StackedHttpKernel.php(23): Illuminate\Cookie\Guard->handle(Object(Illuminate\Http\Request), 1, true)
#11 C:\xampp\htdocs\melivery\vendor\laravel\framework\src\Illuminate\Foundation\Application.php(641): Stack\StackedHttpKernel->handle(Object(Illuminate\Http\Request))
#12 C:\xampp\htdocs\melivery\public\index.php(49): Illuminate\Foundation\Application->run()
#13 {main} [] []
[2015-04-24 03:51:07] local.ERROR: exception 'Symfony\Component\HttpKernel\Exception\MethodNotAllowedHttpException' in C:\xampp\htdocs\melivery\vendor\laravel\framework\src\Illuminate\Routing\RouteCollection.php:210
Stack trace:
#0 C:\xampp\htdocs\melivery\vendor\laravel\framework\src\Illuminate\Routing\RouteCollection.php(197): Illuminate\Routing\RouteCollection->methodNotAllowed(Array)
#1 C:\xampp\htdocs\melivery\vendor\laravel\framework\src\Illuminate\Routing\RouteCollection.php(145): Illuminate\Routing\RouteCollection->getOtherMethodsRoute(Object(Illuminate\Http\Request), Array)
#2 C:\xampp\htdocs\melivery\vendor\laravel\framework\src\Illuminate\Routing\Router.php(1049): Illuminate\Routing\RouteCollection->match(Object(Illuminate\Http\Request))
#3 C:\xampp\htdocs\melivery\vendor\laravel\framework\src\Illuminate\Routing\Router.php(1017): Illuminate\Routing\Router->findRoute(Object(Illuminate\Http\Request))
#4 C:\xampp\htdocs\melivery\vendor\laravel\framework\src\Illuminate\Routing\Router.php(996): Illuminate\Routing\Router->dispatchToRoute(Object(Illuminate\Http\Request))
#5 C:\xampp\htdocs\melivery\vendor\laravel\framework\src\Illuminate\Foundation\Application.php(775): Illuminate\Routing\Router->dispatch(Object(Illuminate\Http\Request))
#6 C:\xampp\htdocs\melivery\vendor\laravel\framework\src\Illuminate\Foundation\Application.php(745): Illuminate\Foundation\Application->dispatch(Object(Illuminate\Http\Request))
#7 C:\xampp\htdocs\melivery\vendor\laravel\framework\src\Illuminate\Session\Middleware.php(72): Illuminate\Foundation\Application->handle(Object(Illuminate\Http\Request), 1, true)
#8 C:\xampp\htdocs\melivery\vendor\laravel\framework\src\Illuminate\Cookie\Queue.php(47): Illuminate\Session\Middleware->handle(Object(Illuminate\Http\Request), 1, true)
#9 C:\xampp\htdocs\melivery\vendor\laravel\framework\src\Illuminate\Cookie\Guard.php(51): Illuminate\Cookie\Queue->handle(Object(Illuminate\Http\Request), 1, true)
#10 C:\xampp\htdocs\melivery\vendor\stack\builder\src\Stack\StackedHttpKernel.php(23): Illuminate\Cookie\Guard->handle(Object(Illuminate\Http\Request), 1, true)
#11 C:\xampp\htdocs\melivery\vendor\laravel\framework\src\Illuminate\Foundation\Application.php(641): Stack\StackedHttpKernel->handle(Object(Illuminate\Http\Request))
#12 C:\xampp\htdocs\melivery\public\index.php(49): Illuminate\Foundation\Application->run()
#13 {main} [] []
[2015-04-24 03:51:07] local.ERROR: exception 'Symfony\Component\HttpKernel\Exception\MethodNotAllowedHttpException' in C:\xampp\htdocs\melivery\vendor\laravel\framework\src\Illuminate\Routing\RouteCollection.php:210
Stack trace:
#0 C:\xampp\htdocs\melivery\vendor\laravel\framework\src\Illuminate\Routing\RouteCollection.php(197): Illuminate\Routing\RouteCollection->methodNotAllowed(Array)
#1 C:\xampp\htdocs\melivery\vendor\laravel\framework\src\Illuminate\Routing\RouteCollection.php(145): Illuminate\Routing\RouteCollection->getOtherMethodsRoute(Object(Illuminate\Http\Request), Array)
#2 C:\xampp\htdocs\melivery\vendor\laravel\framework\src\Illuminate\Routing\Router.php(1049): Illuminate\Routing\RouteCollection->match(Object(Illuminate\Http\Request))
#3 C:\xampp\htdocs\melivery\vendor\laravel\framework\src\Illuminate\Routing\Router.php(1017): Illuminate\Routing\Router->findRoute(Object(Illuminate\Http\Request))
#4 C:\xampp\htdocs\melivery\vendor\laravel\framework\src\Illuminate\Routing\Router.php(996): Illuminate\Routing\Router->dispatchToRoute(Object(Illuminate\Http\Request))
#5 C:\xampp\htdocs\melivery\vendor\laravel\framework\src\Illuminate\Foundation\Application.php(775): Illuminate\Routing\Router->dispatch(Object(Illuminate\Http\Request))
#6 C:\xampp\htdocs\melivery\vendor\laravel\framework\src\Illuminate\Foundation\Application.php(745): Illuminate\Foundation\Application->dispatch(Object(Illuminate\Http\Request))
#7 C:\xampp\htdocs\melivery\vendor\laravel\framework\src\Illuminate\Session\Middleware.php(72): Illuminate\Foundation\Application->handle(Object(Illuminate\Http\Request), 1, true)
#8 C:\xampp\htdocs\melivery\vendor\laravel\framework\src\Illuminate\Cookie\Queue.php(47): Illuminate\Session\Middleware->handle(Object(Illuminate\Http\Request), 1, true)
#9 C:\xampp\htdocs\melivery\vendor\laravel\framework\src\Illuminate\Cookie\Guard.php(51): Illuminate\Cookie\Queue->handle(Object(Illuminate\Http\Request), 1, true)
#10 C:\xampp\htdocs\melivery\vendor\stack\builder\src\Stack\StackedHttpKernel.php(23): Illuminate\Cookie\Guard->handle(Object(Illuminate\Http\Request), 1, true)
#11 C:\xampp\htdocs\melivery\vendor\laravel\framework\src\Illuminate\Foundation\Application.php(641): Stack\StackedHttpKernel->handle(Object(Illuminate\Http\Request))
#12 C:\xampp\htdocs\melivery\public\index.php(49): Illuminate\Foundation\Application->run()
#13 {main} [] []
[2015-04-24 03:51:08] local.ERROR: exception 'Symfony\Component\HttpKernel\Exception\MethodNotAllowedHttpException' in C:\xampp\htdocs\melivery\vendor\laravel\framework\src\Illuminate\Routing\RouteCollection.php:210
Stack trace:
#0 C:\xampp\htdocs\melivery\vendor\laravel\framework\src\Illuminate\Routing\RouteCollection.php(197): Illuminate\Routing\RouteCollection->methodNotAllowed(Array)
#1 C:\xampp\htdocs\melivery\vendor\laravel\framework\src\Illuminate\Routing\RouteCollection.php(145): Illuminate\Routing\RouteCollection->getOtherMethodsRoute(Object(Illuminate\Http\Request), Array)
#2 C:\xampp\htdocs\melivery\vendor\laravel\framework\src\Illuminate\Routing\Router.php(1049): Illuminate\Routing\RouteCollection->match(Object(Illuminate\Http\Request))
#3 C:\xampp\htdocs\melivery\vendor\laravel\framework\src\Illuminate\Routing\Router.php(1017): Illuminate\Routing\Router->findRoute(Object(Illuminate\Http\Request))
#4 C:\xampp\htdocs\melivery\vendor\laravel\framework\src\Illuminate\Routing\Router.php(996): Illuminate\Routing\Router->dispatchToRoute(Object(Illuminate\Http\Request))
#5 C:\xampp\htdocs\melivery\vendor\laravel\framework\src\Illuminate\Foundation\Application.php(775): Illuminate\Routing\Router->dispatch(Object(Illuminate\Http\Request))
#6 C:\xampp\htdocs\melivery\vendor\laravel\framework\src\Illuminate\Foundation\Application.php(745): Illuminate\Foundation\Application->dispatch(Object(Illuminate\Http\Request))
#7 C:\xampp\htdocs\melivery\vendor\laravel\framework\src\Illuminate\Session\Middleware.php(72): Illuminate\Foundation\Application->handle(Object(Illuminate\Http\Request), 1, true)
#8 C:\xampp\htdocs\melivery\vendor\laravel\framework\src\Illuminate\Cookie\Queue.php(47): Illuminate\Session\Middleware->handle(Object(Illuminate\Http\Request), 1, true)
#9 C:\xampp\htdocs\melivery\vendor\laravel\framework\src\Illuminate\Cookie\Guard.php(51): Illuminate\Cookie\Queue->handle(Object(Illuminate\Http\Request), 1, true)
#10 C:\xampp\htdocs\melivery\vendor\stack\builder\src\Stack\StackedHttpKernel.php(23): Illuminate\Cookie\Guard->handle(Object(Illuminate\Http\Request), 1, true)
#11 C:\xampp\htdocs\melivery\vendor\laravel\framework\src\Illuminate\Foundation\Application.php(641): Stack\StackedHttpKernel->handle(Object(Illuminate\Http\Request))
#12 C:\xampp\htdocs\melivery\public\index.php(49): Illuminate\Foundation\Application->run()
#13 {main} [] []
[2015-04-24 03:51:55] local.ERROR: exception 'ErrorException' with message 'Undefined property: App\Service\Form\Order\OrderForm::$ordercash' in C:\xampp\htdocs\melivery\app\App\Service\Form\Order\OrderForm.php:163
Stack trace:
#0 C:\xampp\htdocs\melivery\app\App\Service\Form\Order\OrderForm.php(163): Illuminate\Exception\Handler->handleError(8, 'Undefined prope...', 'C:\\xampp\\htdocs...', 163, Array)
#1 C:\xampp\htdocs\melivery\app\controllers\Commerce\OrderController.php(127): App\Service\Form\Order\OrderForm->changeType(Array)
#2 [internal function]: OrderController->changeType('29')
#3 C:\xampp\htdocs\melivery\vendor\laravel\framework\src\Illuminate\Routing\Controller.php(231): call_user_func_array(Array, Array)
#4 C:\xampp\htdocs\melivery\vendor\laravel\framework\src\Illuminate\Routing\ControllerDispatcher.php(93): Illuminate\Routing\Controller->callAction('changeType', Array)
#5 C:\xampp\htdocs\melivery\vendor\laravel\framework\src\Illuminate\Routing\ControllerDispatcher.php(62): Illuminate\Routing\ControllerDispatcher->call(Object(OrderController), Object(Illuminate\Routing\Route), 'changeType')
#6 C:\xampp\htdocs\melivery\vendor\laravel\framework\src\Illuminate\Routing\Router.php(962): Illuminate\Routing\ControllerDispatcher->dispatch(Object(Illuminate\Routing\Route), Object(Illuminate\Http\Request), 'OrderController', 'changeType')
#7 [internal function]: Illuminate\Routing\Router->Illuminate\Routing\{closure}('29')
#8 C:\xampp\htdocs\melivery\vendor\laravel\framework\src\Illuminate\Routing\Route.php(109): call_user_func_array(Object(Closure), Array)
#9 C:\xampp\htdocs\melivery\vendor\laravel\framework\src\Illuminate\Routing\Router.php(1028): Illuminate\Routing\Route->run(Object(Illuminate\Http\Request))
#10 C:\xampp\htdocs\melivery\vendor\laravel\framework\src\Illuminate\Routing\Router.php(996): Illuminate\Routing\Router->dispatchToRoute(Object(Illuminate\Http\Request))
#11 C:\xampp\htdocs\melivery\vendor\laravel\framework\src\Illuminate\Foundation\Application.php(775): Illuminate\Routing\Router->dispatch(Object(Illuminate\Http\Request))
#12 C:\xampp\htdocs\melivery\vendor\laravel\framework\src\Illuminate\Foundation\Application.php(745): Illuminate\Foundation\Application->dispatch(Object(Illuminate\Http\Request))
#13 C:\xampp\htdocs\melivery\vendor\laravel\framework\src\Illuminate\Session\Middleware.php(72): Illuminate\Foundation\Application->handle(Object(Illuminate\Http\Request), 1, true)
#14 C:\xampp\htdocs\melivery\vendor\laravel\framework\src\Illuminate\Cookie\Queue.php(47): Illuminate\Session\Middleware->handle(Object(Illuminate\Http\Request), 1, true)
#15 C:\xampp\htdocs\melivery\vendor\laravel\framework\src\Illuminate\Cookie\Guard.php(51): Illuminate\Cookie\Queue->handle(Object(Illuminate\Http\Request), 1, true)
#16 C:\xampp\htdocs\melivery\vendor\stack\builder\src\Stack\StackedHttpKernel.php(23): Illuminate\Cookie\Guard->handle(Object(Illuminate\Http\Request), 1, true)
#17 C:\xampp\htdocs\melivery\vendor\laravel\framework\src\Illuminate\Foundation\Application.php(641): Stack\StackedHttpKernel->handle(Object(Illuminate\Http\Request))
#18 C:\xampp\htdocs\melivery\public\index.php(49): Illuminate\Foundation\Application->run()
#19 {main} [] []
[2015-04-24 03:56:03] local.ERROR: exception 'ErrorException' with message 'Undefined property: App\Service\Form\Order\OrderForm::$ordercash' in C:\xampp\htdocs\melivery\app\App\Service\Form\Order\OrderForm.php:166
Stack trace:
#0 C:\xampp\htdocs\melivery\app\App\Service\Form\Order\OrderForm.php(166): Illuminate\Exception\Handler->handleError(8, 'Undefined prope...', 'C:\\xampp\\htdocs...', 166, Array)
#1 C:\xampp\htdocs\melivery\app\controllers\Commerce\OrderController.php(127): App\Service\Form\Order\OrderForm->changeType(Array)
#2 [internal function]: OrderController->changeType('29')
#3 C:\xampp\htdocs\melivery\vendor\laravel\framework\src\Illuminate\Routing\Controller.php(231): call_user_func_array(Array, Array)
#4 C:\xampp\htdocs\melivery\vendor\laravel\framework\src\Illuminate\Routing\ControllerDispatcher.php(93): Illuminate\Routing\Controller->callAction('changeType', Array)
#5 C:\xampp\htdocs\melivery\vendor\laravel\framework\src\Illuminate\Routing\ControllerDispatcher.php(62): Illuminate\Routing\ControllerDispatcher->call(Object(OrderController), Object(Illuminate\Routing\Route), 'changeType')
#6 C:\xampp\htdocs\melivery\vendor\laravel\framework\src\Illuminate\Routing\Router.php(962): Illuminate\Routing\ControllerDispatcher->dispatch(Object(Illuminate\Routing\Route), Object(Illuminate\Http\Request), 'OrderController', 'changeType')
#7 [internal function]: Illuminate\Routing\Router->Illuminate\Routing\{closure}('29')
#8 C:\xampp\htdocs\melivery\vendor\laravel\framework\src\Illuminate\Routing\Route.php(109): call_user_func_array(Object(Closure), Array)
#9 C:\xampp\htdocs\melivery\vendor\laravel\framework\src\Illuminate\Routing\Router.php(1028): Illuminate\Routing\Route->run(Object(Illuminate\Http\Request))
#10 C:\xampp\htdocs\melivery\vendor\laravel\framework\src\Illuminate\Routing\Router.php(996): Illuminate\Routing\Router->dispatchToRoute(Object(Illuminate\Http\Request))
#11 C:\xampp\htdocs\melivery\vendor\laravel\framework\src\Illuminate\Foundation\Application.php(775): Illuminate\Routing\Router->dispatch(Object(Illuminate\Http\Request))
#12 C:\xampp\htdocs\melivery\vendor\laravel\framework\src\Illuminate\Foundation\Application.php(745): Illuminate\Foundation\Application->dispatch(Object(Illuminate\Http\Request))
#13 C:\xampp\htdocs\melivery\vendor\laravel\framework\src\Illuminate\Session\Middleware.php(72): Illuminate\Foundation\Application->handle(Object(Illuminate\Http\Request), 1, true)
#14 C:\xampp\htdocs\melivery\vendor\laravel\framework\src\Illuminate\Cookie\Queue.php(47): Illuminate\Session\Middleware->handle(Object(Illuminate\Http\Request), 1, true)
#15 C:\xampp\htdocs\melivery\vendor\laravel\framework\src\Illuminate\Cookie\Guard.php(51): Illuminate\Cookie\Queue->handle(Object(Illuminate\Http\Request), 1, true)
#16 C:\xampp\htdocs\melivery\vendor\stack\builder\src\Stack\StackedHttpKernel.php(23): Illuminate\Cookie\Guard->handle(Object(Illuminate\Http\Request), 1, true)
#17 C:\xampp\htdocs\melivery\vendor\laravel\framework\src\Illuminate\Foundation\Application.php(641): Stack\StackedHttpKernel->handle(Object(Illuminate\Http\Request))
#18 C:\xampp\htdocs\melivery\public\index.php(49): Illuminate\Foundation\Application->run()
#19 {main} [] []
[2015-04-24 04:04:54] local.ERROR: exception 'ErrorException' with message 'Undefined variable: orderCash' in C:\xampp\htdocs\melivery\app\App\Service\Form\Order\OrderForm.php:168
Stack trace:
#0 C:\xampp\htdocs\melivery\app\App\Service\Form\Order\OrderForm.php(168): Illuminate\Exception\Handler->handleError(8, 'Undefined varia...', 'C:\\xampp\\htdocs...', 168, Array)
#1 C:\xampp\htdocs\melivery\app\controllers\Commerce\OrderController.php(127): App\Service\Form\Order\OrderForm->changeType(Array)
#2 [internal function]: OrderController->changeType('29')
#3 C:\xampp\htdocs\melivery\vendor\laravel\framework\src\Illuminate\Routing\Controller.php(231): call_user_func_array(Array, Array)
#4 C:\xampp\htdocs\melivery\vendor\laravel\framework\src\Illuminate\Routing\ControllerDispatcher.php(93): Illuminate\Routing\Controller->callAction('changeType', Array)
#5 C:\xampp\htdocs\melivery\vendor\laravel\framework\src\Illuminate\Routing\ControllerDispatcher.php(62): Illuminate\Routing\ControllerDispatcher->call(Object(OrderController), Object(Illuminate\Routing\Route), 'changeType')
#6 C:\xampp\htdocs\melivery\vendor\laravel\framework\src\Illuminate\Routing\Router.php(962): Illuminate\Routing\ControllerDispatcher->dispatch(Object(Illuminate\Routing\Route), Object(Illuminate\Http\Request), 'OrderController', 'changeType')
#7 [internal function]: Illuminate\Routing\Router->Illuminate\Routing\{closure}('29')
#8 C:\xampp\htdocs\melivery\vendor\laravel\framework\src\Illuminate\Routing\Route.php(109): call_user_func_array(Object(Closure), Array)
#9 C:\xampp\htdocs\melivery\vendor\laravel\framework\src\Illuminate\Routing\Router.php(1028): Illuminate\Routing\Route->run(Object(Illuminate\Http\Request))
#10 C:\xampp\htdocs\melivery\vendor\laravel\framework\src\Illuminate\Routing\Router.php(996): Illuminate\Routing\Router->dispatchToRoute(Object(Illuminate\Http\Request))
#11 C:\xampp\htdocs\melivery\vendor\laravel\framework\src\Illuminate\Foundation\Application.php(775): Illuminate\Routing\Router->dispatch(Object(Illuminate\Http\Request))
#12 C:\xampp\htdocs\melivery\vendor\laravel\framework\src\Illuminate\Foundation\Application.php(745): Illuminate\Foundation\Application->dispatch(Object(Illuminate\Http\Request))
#13 C:\xampp\htdocs\melivery\vendor\laravel\framework\src\Illuminate\Session\Middleware.php(72): Illuminate\Foundation\Application->handle(Object(Illuminate\Http\Request), 1, true)
#14 C:\xampp\htdocs\melivery\vendor\laravel\framework\src\Illuminate\Cookie\Queue.php(47): Illuminate\Session\Middleware->handle(Object(Illuminate\Http\Request), 1, true)
#15 C:\xampp\htdocs\melivery\vendor\laravel\framework\src\Illuminate\Cookie\Guard.php(51): Illuminate\Cookie\Queue->handle(Object(Illuminate\Http\Request), 1, true)
#16 C:\xampp\htdocs\melivery\vendor\stack\builder\src\Stack\StackedHttpKernel.php(23): Illuminate\Cookie\Guard->handle(Object(Illuminate\Http\Request), 1, true)
#17 C:\xampp\htdocs\melivery\vendor\laravel\framework\src\Illuminate\Foundation\Application.php(641): Stack\StackedHttpKernel->handle(Object(Illuminate\Http\Request))
#18 C:\xampp\htdocs\melivery\public\index.php(49): Illuminate\Foundation\Application->run()
#19 {main} [] []
[2015-04-24 04:07:51] local.ERROR: exception 'ErrorException' with message 'Trying to get property of non-object' in C:\xampp\htdocs\melivery\app\views\commerce\order\index.php:149
Stack trace:
#0 C:\xampp\htdocs\melivery\app\views\commerce\order\index.php(149): Illuminate\Exception\Handler->handleError(8, 'Trying to get p...', 'C:\\xampp\\htdocs...', 149, Array)
#1 C:\xampp\htdocs\melivery\vendor\laravel\framework\src\Illuminate\View\Engines\PhpEngine.php(37): include('C:\\xampp\\htdocs...')
#2 C:\xampp\htdocs\melivery\vendor\laravel\framework\src\Illuminate\View\Engines\PhpEngine.php(14): Illuminate\View\Engines\PhpEngine->evaluatePath('C:\\xampp\\htdocs...', Array)
#3 C:\xampp\htdocs\melivery\vendor\laravel\framework\src\Illuminate\View\View.php(134): Illuminate\View\Engines\PhpEngine->get('C:\\xampp\\htdocs...', Array)
#4 C:\xampp\htdocs\melivery\vendor\laravel\framework\src\Illuminate\View\View.php(102): Illuminate\View\View->getContents()
#5 C:\xampp\htdocs\melivery\vendor\laravel\framework\src\Illuminate\View\View.php(76): Illuminate\View\View->renderContents()
#6 C:\xampp\htdocs\melivery\vendor\laravel\framework\src\Illuminate\Http\Response.php(43): Illuminate\View\View->render()
#7 C:\xampp\htdocs\melivery\vendor\symfony\http-foundation\Symfony\Component\HttpFoundation\Response.php(202): Illuminate\Http\Response->setContent(Object(Illuminate\View\View))
#8 C:\xampp\htdocs\melivery\vendor\laravel\framework\src\Illuminate\Routing\Router.php(1496): Symfony\Component\HttpFoundation\Response->__construct(Object(Illuminate\View\View))
#9 C:\xampp\htdocs\melivery\vendor\laravel\framework\src\Illuminate\Routing\Router.php(1031): Illuminate\Routing\Router->prepareResponse(Object(Illuminate\Http\Request), Object(Illuminate\View\View))
#10 C:\xampp\htdocs\melivery\vendor\laravel\framework\src\Illuminate\Routing\Router.php(996): Illuminate\Routing\Router->dispatchToRoute(Object(Illuminate\Http\Request))
#11 C:\xampp\htdocs\melivery\vendor\laravel\framework\src\Illuminate\Foundation\Application.php(775): Illuminate\Routing\Router->dispatch(Object(Illuminate\Http\Request))
#12 C:\xampp\htdocs\melivery\vendor\laravel\framework\src\Illuminate\Foundation\Application.php(745): Illuminate\Foundation\Application->dispatch(Object(Illuminate\Http\Request))
#13 C:\xampp\htdocs\melivery\vendor\laravel\framework\src\Illuminate\Session\Middleware.php(72): Illuminate\Foundation\Application->handle(Object(Illuminate\Http\Request), 1, true)
#14 C:\xampp\htdocs\melivery\vendor\laravel\framework\src\Illuminate\Cookie\Queue.php(47): Illuminate\Session\Middleware->handle(Object(Illuminate\Http\Request), 1, true)
#15 C:\xampp\htdocs\melivery\vendor\laravel\framework\src\Illuminate\Cookie\Guard.php(51): Illuminate\Cookie\Queue->handle(Object(Illuminate\Http\Request), 1, true)
#16 C:\xampp\htdocs\melivery\vendor\stack\builder\src\Stack\StackedHttpKernel.php(23): Illuminate\Cookie\Guard->handle(Object(Illuminate\Http\Request), 1, true)
#17 C:\xampp\htdocs\melivery\vendor\laravel\framework\src\Illuminate\Foundation\Application.php(641): Stack\StackedHttpKernel->handle(Object(Illuminate\Http\Request))
#18 C:\xampp\htdocs\melivery\public\index.php(49): Illuminate\Foundation\Application->run()
#19 {main} [] []
[2015-04-24 04:18:37] local.ERROR: OrderForm:dettachDealer: No dealer assigned for that order. [] []
[2015-04-24 04:18:45] local.ERROR: OrderForm:dettachDealer: No dealer assigned for that order. [] []
[2015-04-24 04:19:30] local.ERROR: exception 'ErrorException' with message 'Trying to get property of non-object' in C:\xampp\htdocs\melivery\app\views\commerce\order\index.php:149
Stack trace:
#0 C:\xampp\htdocs\melivery\app\views\commerce\order\index.php(149): Illuminate\Exception\Handler->handleError(8, 'Trying to get p...', 'C:\\xampp\\htdocs...', 149, Array)
#1 C:\xampp\htdocs\melivery\vendor\laravel\framework\src\Illuminate\View\Engines\PhpEngine.php(37): include('C:\\xampp\\htdocs...')
#2 C:\xampp\htdocs\melivery\vendor\laravel\framework\src\Illuminate\View\Engines\PhpEngine.php(14): Illuminate\View\Engines\PhpEngine->evaluatePath('C:\\xampp\\htdocs...', Array)
#3 C:\xampp\htdocs\melivery\vendor\laravel\framework\src\Illuminate\View\View.php(134): Illuminate\View\Engines\PhpEngine->get('C:\\xampp\\htdocs...', Array)
#4 C:\xampp\htdocs\melivery\vendor\laravel\framework\src\Illuminate\View\View.php(102): Illuminate\View\View->getContents()
#5 C:\xampp\htdocs\melivery\vendor\laravel\framework\src\Illuminate\View\View.php(76): Illuminate\View\View->renderContents()
#6 C:\xampp\htdocs\melivery\vendor\laravel\framework\src\Illuminate\Http\Response.php(43): Illuminate\View\View->render()
#7 C:\xampp\htdocs\melivery\vendor\symfony\http-foundation\Symfony\Component\HttpFoundation\Response.php(202): Illuminate\Http\Response->setContent(Object(Illuminate\View\View))
#8 C:\xampp\htdocs\melivery\vendor\laravel\framework\src\Illuminate\Routing\Router.php(1496): Symfony\Component\HttpFoundation\Response->__construct(Object(Illuminate\View\View))
#9 C:\xampp\htdocs\melivery\vendor\laravel\framework\src\Illuminate\Routing\Router.php(1031): Illuminate\Routing\Router->prepareResponse(Object(Illuminate\Http\Request), Object(Illuminate\View\View))
#10 C:\xampp\htdocs\melivery\vendor\laravel\framework\src\Illuminate\Routing\Router.php(996): Illuminate\Routing\Router->dispatchToRoute(Object(Illuminate\Http\Request))
#11 C:\xampp\htdocs\melivery\vendor\laravel\framework\src\Illuminate\Foundation\Application.php(775): Illuminate\Routing\Router->dispatch(Object(Illuminate\Http\Request))
#12 C:\xampp\htdocs\melivery\vendor\laravel\framework\src\Illuminate\Foundation\Application.php(745): Illuminate\Foundation\Application->dispatch(Object(Illuminate\Http\Request))
#13 C:\xampp\htdocs\melivery\vendor\laravel\framework\src\Illuminate\Session\Middleware.php(72): Illuminate\Foundation\Application->handle(Object(Illuminate\Http\Request), 1, true)
#14 C:\xampp\htdocs\melivery\vendor\laravel\framework\src\Illuminate\Cookie\Queue.php(47): Illuminate\Session\Middleware->handle(Object(Illuminate\Http\Request), 1, true)
#15 C:\xampp\htdocs\melivery\vendor\laravel\framework\src\Illuminate\Cookie\Guard.php(51): Illuminate\Cookie\Queue->handle(Object(Illuminate\Http\Request), 1, true)
#16 C:\xampp\htdocs\melivery\vendor\stack\builder\src\Stack\StackedHttpKernel.php(23): Illuminate\Cookie\Guard->handle(Object(Illuminate\Http\Request), 1, true)
#17 C:\xampp\htdocs\melivery\vendor\laravel\framework\src\Illuminate\Foundation\Application.php(641): Stack\StackedHttpKernel->handle(Object(Illuminate\Http\Request))
#18 C:\xampp\htdocs\melivery\public\index.php(49): Illuminate\Foundation\Application->run()
#19 {main} [] []
[2015-04-24 04:22:35] local.ERROR: exception 'ErrorException' with message 'Trying to get property of non-object' in C:\xampp\htdocs\melivery\app\views\commerce\order\index.php:149
Stack trace:
#0 C:\xampp\htdocs\melivery\app\views\commerce\order\index.php(149): Illuminate\Exception\Handler->handleError(8, 'Trying to get p...', 'C:\\xampp\\htdocs...', 149, Array)
#1 C:\xampp\htdocs\melivery\vendor\laravel\framework\src\Illuminate\View\Engines\PhpEngine.php(37): include('C:\\xampp\\htdocs...')
#2 C:\xampp\htdocs\melivery\vendor\laravel\framework\src\Illuminate\View\Engines\PhpEngine.php(14): Illuminate\View\Engines\PhpEngine->evaluatePath('C:\\xampp\\htdocs...', Array)
#3 C:\xampp\htdocs\melivery\vendor\laravel\framework\src\Illuminate\View\View.php(134): Illuminate\View\Engines\PhpEngine->get('C:\\xampp\\htdocs...', Array)
#4 C:\xampp\htdocs\melivery\vendor\laravel\framework\src\Illuminate\View\View.php(102): Illuminate\View\View->getContents()
#5 C:\xampp\htdocs\melivery\vendor\laravel\framework\src\Illuminate\View\View.php(76): Illuminate\View\View->renderContents()
#6 C:\xampp\htdocs\melivery\vendor\laravel\framework\src\Illuminate\Http\Response.php(43): Illuminate\View\View->render()
#7 C:\xampp\htdocs\melivery\vendor\symfony\http-foundation\Symfony\Component\HttpFoundation\Response.php(202): Illuminate\Http\Response->setContent(Object(Illuminate\View\View))
#8 C:\xampp\htdocs\melivery\vendor\laravel\framework\src\Illuminate\Routing\Router.php(1496): Symfony\Component\HttpFoundation\Response->__construct(Object(Illuminate\View\View))
#9 C:\xampp\htdocs\melivery\vendor\laravel\framework\src\Illuminate\Routing\Router.php(1031): Illuminate\Routing\Router->prepareResponse(Object(Illuminate\Http\Request), Object(Illuminate\View\View))
#10 C:\xampp\htdocs\melivery\vendor\laravel\framework\src\Illuminate\Routing\Router.php(996): Illuminate\Routing\Router->dispatchToRoute(Object(Illuminate\Http\Request))
#11 C:\xampp\htdocs\melivery\vendor\laravel\framework\src\Illuminate\Foundation\Application.php(775): Illuminate\Routing\Router->dispatch(Object(Illuminate\Http\Request))
#12 C:\xampp\htdocs\melivery\vendor\laravel\framework\src\Illuminate\Foundation\Application.php(745): Illuminate\Foundation\Application->dispatch(Object(Illuminate\Http\Request))
#13 C:\xampp\htdocs\melivery\vendor\laravel\framework\src\Illuminate\Session\Middleware.php(72): Illuminate\Foundation\Application->handle(Object(Illuminate\Http\Request), 1, true)
#14 C:\xampp\htdocs\melivery\vendor\laravel\framework\src\Illuminate\Cookie\Queue.php(47): Illuminate\Session\Middleware->handle(Object(Illuminate\Http\Request), 1, true)
#15 C:\xampp\htdocs\melivery\vendor\laravel\framework\src\Illuminate\Cookie\Guard.php(51): Illuminate\Cookie\Queue->handle(Object(Illuminate\Http\Request), 1, true)
#16 C:\xampp\htdocs\melivery\vendor\stack\builder\src\Stack\StackedHttpKernel.php(23): Illuminate\Cookie\Guard->handle(Object(Illuminate\Http\Request), 1, true)
#17 C:\xampp\htdocs\melivery\vendor\laravel\framework\src\Illuminate\Foundation\Application.php(641): Stack\StackedHttpKernel->handle(Object(Illuminate\Http\Request))
#18 C:\xampp\htdocs\melivery\public\index.php(49): Illuminate\Foundation\Application->run()
#19 {main} [] []
